# JRE version: OpenJDK Runtime Environment Temurin-21.0.9+10 (21.0.9+10) (build 21.0.9+10-LTS)
# Java VM: OpenJDK 64-Bit Server VM Temurin-21.0.9+10 (21.0.9+10-LTS, mixed mode, sharing, tiered, compressed oops, compressed class ptrs, parallel gc, windows-amd64)
GC Precious Log:
 CardTable entry size: 512
 CPUs: 16 total, 16 available
 Memory: 32639M
 Large Page Support: Disabled
 NUMA Support: Disabled
 Compressed Oops: Enabled (32-bit)
 Alignments: Space 512K, Generation 512K, Heap 2M
 Heap Min Capacity: 100M
 Heap Initial Capacity: 100M
 Heap Max Capacity: 2G
 Pre-touch: Disabled
 Parallel Workers: 13
Heap:
 PSYoungGen      total 4096K, used 2977K [0x00000000d5580000, 0x00000000d5a80000, 0x0000000100000000)
  eden space 3584K, 72% used [0x00000000d5580000,0x00000000d5808590,0x00000000d5900000)
  from space 512K, 75% used [0x00000000d5900000,0x00000000d5960000,0x00000000d5980000)
  to   space 512K, 0% used [0x00000000d5a00000,0x00000000d5a00000,0x00000000d5a80000)
 ParOldGen       total 434176K, used 240926K [0x0000000080000000, 0x000000009a800000, 0x00000000d5580000)
  object space 434176K, 55% used [0x0000000080000000,0x000000008eb47998,0x000000009a800000)
 Metaspace       used 59108K, committed 60544K, reserved 1114112K
  class space    used 6857K, committed 7424K, reserved 1048576K
GC Heap History (20 events):
Event: 2633.871 GC heap before
{Heap before GC invocations=393 (full 3):
 PSYoungGen      total 6656K, used 6449K [0x00000000d5580000, 0x00000000d5e80000, 0x0000000100000000)
  eden space 4096K, 100% used [0x00000000d5580000,0x00000000d5980000,0x00000000d5980000)
  from space 2560K, 91% used [0x00000000d5980000,0x00000000d5bcc770,0x00000000d5c00000)
  to   space 2560K, 0% used [0x00000000d5c00000,0x00000000d5c00000,0x00000000d5e80000)
 ParOldGen       total 434176K, used 232262K [0x0000000080000000, 0x000000009a800000, 0x00000000d5580000)
  object space 434176K, 53% used [0x0000000080000000,0x000000008e2d1880,0x000000009a800000)
 Metaspace       used 59086K, committed 60480K, reserved 1114112K
  class space    used 6857K, committed 7424K, reserved 1048576K
}
Event: 2633.873 GC heap after
{Heap after GC invocations=393 (full 3):
 PSYoungGen      total 3072K, used 2545K [0x00000000d5580000, 0x00000000d6580000, 0x0000000100000000)
  eden space 512K, 0% used [0x00000000d5580000,0x00000000d5580000,0x00000000d5600000)
  from space 2560K, 99% used [0x00000000d5c00000,0x00000000d5e7c770,0x00000000d5e80000)
  to   space 6144K, 0% used [0x00000000d5600000,0x00000000d5600000,0x00000000d5c00000)
 ParOldGen       total 434176K, used 235255K [0x0000000080000000, 0x000000009a800000, 0x00000000d5580000)
  object space 434176K, 54% used [0x0000000080000000,0x000000008e5bdff0,0x000000009a800000)
 Metaspace       used 59086K, committed 60480K, reserved 1114112K
  class space    used 6857K, committed 7424K, reserved 1048576K
}
Event: 2633.873 GC heap before
{Heap before GC invocations=394 (full 3):
 PSYoungGen      total 3072K, used 3057K [0x00000000d5580000, 0x00000000d6580000, 0x0000000100000000)
  eden space 512K, 99% used [0x00000000d5580000,0x00000000d55ffff8,0x00000000d5600000)
  from space 2560K, 99% used [0x00000000d5c00000,0x00000000d5e7c770,0x00000000d5e80000)
  to   space 6144K, 0% used [0x00000000d5600000,0x00000000d5600000,0x00000000d5c00000)
 ParOldGen       total 434176K, used 235255K [0x0000000080000000, 0x000000009a800000, 0x00000000d5580000)
  object space 434176K, 54% used [0x0000000080000000,0x000000008e5bdff0,0x000000009a800000)
 Metaspace       used 59086K, committed 60480K, reserved 1114112K
  class space    used 6857K, committed 7424K, reserved 1048576K
}
Event: 2633.875 GC heap after
{Heap after GC invocations=394 (full 3):
 PSYoungGen      total 1024K, used 384K [0x00000000d5580000, 0x00000000d5c80000, 0x0000000100000000)
  eden space 512K, 0% used [0x00000000d5580000,0x00000000d5580000,0x00000000d5600000)
  from space 512K, 75% used [0x00000000d5600000,0x00000000d5660000,0x00000000d5680000)
  to   space 2560K, 0% used [0x00000000d5a00000,0x00000000d5a00000,0x00000000d5c80000)
 ParOldGen       total 434176K, used 237853K [0x0000000080000000, 0x000000009a800000, 0x00000000d5580000)
  object space 434176K, 54% used [0x0000000080000000,0x000000008e847770,0x000000009a800000)
 Metaspace       used 59086K, committed 60480K, reserved 1114112K
  class space    used 6857K, committed 7424K, reserved 1048576K
}
Event: 2633.876 GC heap before
{Heap before GC invocations=395 (full 3):
 PSYoungGen      total 1024K, used 896K [0x00000000d5580000, 0x00000000d5c80000, 0x0000000100000000)
  eden space 512K, 100% used [0x00000000d5580000,0x00000000d5600000,0x00000000d5600000)
  from space 512K, 75% used [0x00000000d5600000,0x00000000d5660000,0x00000000d5680000)
  to   space 2560K, 0% used [0x00000000d5a00000,0x00000000d5a00000,0x00000000d5c80000)
 ParOldGen       total 434176K, used 237853K [0x0000000080000000, 0x000000009a800000, 0x00000000d5580000)
  object space 434176K, 54% used [0x0000000080000000,0x000000008e847770,0x000000009a800000)
 Metaspace       used 59086K, committed 60480K, reserved 1114112K
  class space    used 6857K, committed 7424K, reserved 1048576K
}
Event: 2633.876 GC heap after
{Heap after GC invocations=395 (full 3):
 PSYoungGen      total 1536K, used 384K [0x00000000d5580000, 0x00000000d5a80000, 0x0000000100000000)
  eden space 1024K, 0% used [0x00000000d5580000,0x00000000d5580000,0x00000000d5680000)
  from space 512K, 75% used [0x00000000d5a00000,0x00000000d5a60000,0x00000000d5a80000)
  to   space 1024K, 0% used [0x00000000d5880000,0x00000000d5880000,0x00000000d5980000)
 ParOldGen       total 434176K, used 238053K [0x0000000080000000, 0x000000009a800000, 0x00000000d5580000)
  object space 434176K, 54% used [0x0000000080000000,0x000000008e879770,0x000000009a800000)
 Metaspace       used 59086K, committed 60480K, reserved 1114112K
  class space    used 6857K, committed 7424K, reserved 1048576K
}
Event: 2633.877 GC heap before
{Heap before GC invocations=396 (full 3):
 PSYoungGen      total 1536K, used 1408K [0x00000000d5580000, 0x00000000d5a80000, 0x0000000100000000)
  eden space 1024K, 100% used [0x00000000d5580000,0x00000000d5680000,0x00000000d5680000)
  from space 512K, 75% used [0x00000000d5a00000,0x00000000d5a60000,0x00000000d5a80000)
  to   space 1024K, 0% used [0x00000000d5880000,0x00000000d5880000,0x00000000d5980000)
 ParOldGen       total 434176K, used 238053K [0x0000000080000000, 0x000000009a800000, 0x00000000d5580000)
  object space 434176K, 54% used [0x0000000080000000,0x000000008e879770,0x000000009a800000)
 Metaspace       used 59086K, committed 60480K, reserved 1114112K
  class space    used 6857K, committed 7424K, reserved 1048576K
}
Event: 2633.878 GC heap after
{Heap after GC invocations=396 (full 3):
 PSYoungGen      total 2560K, used 416K [0x00000000d5580000, 0x00000000d5a80000, 0x0000000100000000)
  eden space 1536K, 0% used [0x00000000d5580000,0x00000000d5580000,0x00000000d5700000)
  from space 1024K, 40% used [0x00000000d5880000,0x00000000d58e8000,0x00000000d5980000)
  to   space 512K, 0% used [0x00000000d5a00000,0x00000000d5a00000,0x00000000d5a80000)
 ParOldGen       total 434176K, used 238261K [0x0000000080000000, 0x000000009a800000, 0x00000000d5580000)
  object space 434176K, 54% used [0x0000000080000000,0x000000008e8ad770,0x000000009a800000)
 Metaspace       used 59086K, committed 60480K, reserved 1114112K
  class space    used 6857K, committed 7424K, reserved 1048576K
}
Event: 2633.879 GC heap before
{Heap before GC invocations=397 (full 3):
 PSYoungGen      total 2560K, used 1952K [0x00000000d5580000, 0x00000000d5a80000, 0x0000000100000000)
  eden space 1536K, 100% used [0x00000000d5580000,0x00000000d5700000,0x00000000d5700000)
  from space 1024K, 40% used [0x00000000d5880000,0x00000000d58e8000,0x00000000d5980000)
  to   space 512K, 0% used [0x00000000d5a00000,0x00000000d5a00000,0x00000000d5a80000)
 ParOldGen       total 434176K, used 238261K [0x0000000080000000, 0x000000009a800000, 0x00000000d5580000)
  object space 434176K, 54% used [0x0000000080000000,0x000000008e8ad770,0x000000009a800000)
 Metaspace       used 59086K, committed 60480K, reserved 1114112K
  class space    used 6857K, committed 7424K, reserved 1048576K
}
Event: 2633.879 GC heap after
{Heap after GC invocations=397 (full 3):
 PSYoungGen      total 2560K, used 512K [0x00000000d5580000, 0x00000000d5a80000, 0x0000000100000000)
  eden space 2048K, 0% used [0x00000000d5580000,0x00000000d5580000,0x00000000d5780000)
  from space 512K, 100% used [0x00000000d5a00000,0x00000000d5a80000,0x00000000d5a80000)
  to   space 1024K, 0% used [0x00000000d5880000,0x00000000d5880000,0x00000000d5980000)
 ParOldGen       total 434176K, used 238637K [0x0000000080000000, 0x000000009a800000, 0x00000000d5580000)
  object space 434176K, 54% used [0x0000000080000000,0x000000008e90b770,0x000000009a800000)
 Metaspace       used 59086K, committed 60480K, reserved 1114112K
  class space    used 6857K, committed 7424K, reserved 1048576K
}
Event: 2633.881 GC heap before
{Heap before GC invocations=398 (full 3):
 PSYoungGen      total 2560K, used 2560K [0x00000000d5580000, 0x00000000d5a80000, 0x0000000100000000)
  eden space 2048K, 100% used [0x00000000d5580000,0x00000000d5780000,0x00000000d5780000)
  from space 512K, 100% used [0x00000000d5a00000,0x00000000d5a80000,0x00000000d5a80000)
  to   space 1024K, 0% used [0x00000000d5880000,0x00000000d5880000,0x00000000d5980000)
 ParOldGen       total 434176K, used 238637K [0x0000000080000000, 0x000000009a800000, 0x00000000d5580000)
  object space 434176K, 54% used [0x0000000080000000,0x000000008e90b770,0x000000009a800000)
 Metaspace       used 59086K, committed 60480K, reserved 1114112K
  class space    used 6857K, committed 7424K, reserved 1048576K
}
Event: 2633.882 GC heap after
{Heap after GC invocations=398 (full 3):
 PSYoungGen      total 3584K, used 832K [0x00000000d5580000, 0x00000000d5a80000, 0x0000000100000000)
  eden space 2560K, 0% used [0x00000000d5580000,0x00000000d5580000,0x00000000d5800000)
  from space 1024K, 81% used [0x00000000d5880000,0x00000000d5950000,0x00000000d5980000)
  to   space 1024K, 0% used [0x00000000d5980000,0x00000000d5980000,0x00000000d5a80000)
 ParOldGen       total 434176K, used 239149K [0x0000000080000000, 0x000000009a800000, 0x00000000d5580000)
  object space 434176K, 55% used [0x0000000080000000,0x000000008e98b770,0x000000009a800000)
 Metaspace       used 59086K, committed 60480K, reserved 1114112K
  class space    used 6857K, committed 7424K, reserved 1048576K
}
Event: 2633.883 GC heap before
{Heap before GC invocations=399 (full 3):
 PSYoungGen      total 3584K, used 3392K [0x00000000d5580000, 0x00000000d5a80000, 0x0000000100000000)
  eden space 2560K, 100% used [0x00000000d5580000,0x00000000d5800000,0x00000000d5800000)
  from space 1024K, 81% used [0x00000000d5880000,0x00000000d5950000,0x00000000d5980000)
  to   space 1024K, 0% used [0x00000000d5980000,0x00000000d5980000,0x00000000d5a80000)
 ParOldGen       total 434176K, used 239149K [0x0000000080000000, 0x000000009a800000, 0x00000000d5580000)
  object space 434176K, 55% used [0x0000000080000000,0x000000008e98b770,0x000000009a800000)
 Metaspace       used 59086K, committed 60480K, reserved 1114112K
  class space    used 6857K, committed 7424K, reserved 1048576K
}
Event: 2633.884 GC heap after
{Heap after GC invocations=399 (full 3):
 PSYoungGen      total 3584K, used 1024K [0x00000000d5580000, 0x00000000d5b80000, 0x0000000100000000)
  eden space 2560K, 0% used [0x00000000d5580000,0x00000000d5580000,0x00000000d5800000)
  from space 1024K, 100% used [0x00000000d5980000,0x00000000d5a80000,0x00000000d5a80000)
  to   space 1536K, 0% used [0x00000000d5800000,0x00000000d5800000,0x00000000d5980000)
 ParOldGen       total 434176K, used 239853K [0x0000000080000000, 0x000000009a800000, 0x00000000d5580000)
  object space 434176K, 55% used [0x0000000080000000,0x000000008ea3b770,0x000000009a800000)
 Metaspace       used 59086K, committed 60480K, reserved 1114112K
  class space    used 6857K, committed 7424K, reserved 1048576K
}
Event: 2633.886 GC heap before
{Heap before GC invocations=400 (full 3):
 PSYoungGen      total 3584K, used 3584K [0x00000000d5580000, 0x00000000d5b80000, 0x0000000100000000)
  eden space 2560K, 100% used [0x00000000d5580000,0x00000000d5800000,0x00000000d5800000)
  from space 1024K, 100% used [0x00000000d5980000,0x00000000d5a80000,0x00000000d5a80000)
  to   space 1536K, 0% used [0x00000000d5800000,0x00000000d5800000,0x00000000d5980000)
 ParOldGen       total 434176K, used 239853K [0x0000000080000000, 0x000000009a800000, 0x00000000d5580000)
  object space 434176K, 55% used [0x0000000080000000,0x000000008ea3b770,0x000000009a800000)
 Metaspace       used 59086K, committed 60480K, reserved 1114112K
  class space    used 6857K, committed 7424K, reserved 1048576K
}
Event: 2633.887 GC heap after
{Heap after GC invocations=400 (full 3):
 PSYoungGen      total 4096K, used 160K [0x00000000d5580000, 0x00000000d5a00000, 0x0000000100000000)
  eden space 2560K, 0% used [0x00000000d5580000,0x00000000d5580000,0x00000000d5800000)
  from space 1536K, 10% used [0x00000000d5800000,0x00000000d5828228,0x00000000d5980000)
  to   space 512K, 0% used [0x00000000d5980000,0x00000000d5980000,0x00000000d5a00000)
 ParOldGen       total 434176K, used 240741K [0x0000000080000000, 0x000000009a800000, 0x00000000d5580000)
  object space 434176K, 55% used [0x0000000080000000,0x000000008eb19770,0x000000009a800000)
 Metaspace       used 59086K, committed 60480K, reserved 1114112K
  class space    used 6857K, committed 7424K, reserved 1048576K
}
Event: 2633.890 GC heap before
{Heap before GC invocations=401 (full 3):
 PSYoungGen      total 4096K, used 2720K [0x00000000d5580000, 0x00000000d5a00000, 0x0000000100000000)
  eden space 2560K, 100% used [0x00000000d5580000,0x00000000d5800000,0x00000000d5800000)
  from space 1536K, 10% used [0x00000000d5800000,0x00000000d5828228,0x00000000d5980000)
  to   space 512K, 0% used [0x00000000d5980000,0x00000000d5980000,0x00000000d5a00000)
 ParOldGen       total 434176K, used 240741K [0x0000000080000000, 0x000000009a800000, 0x00000000d5580000)
  object space 434176K, 55% used [0x0000000080000000,0x000000008eb19770,0x000000009a800000)
 Metaspace       used 59086K, committed 60480K, reserved 1114112K
  class space    used 6857K, committed 7424K, reserved 1048576K
}
Event: 2633.890 GC heap after
{Heap after GC invocations=401 (full 3):
 PSYoungGen      total 3584K, used 0K [0x00000000d5580000, 0x00000000d5a00000, 0x0000000100000000)
  eden space 3072K, 0% used [0x00000000d5580000,0x00000000d5580000,0x00000000d5880000)
  from space 512K, 0% used [0x00000000d5980000,0x00000000d5980000,0x00000000d5a00000)
  to   space 512K, 0% used [0x00000000d5900000,0x00000000d5900000,0x00000000d5980000)
 ParOldGen       total 434176K, used 240926K [0x0000000080000000, 0x000000009a800000, 0x00000000d5580000)
  object space 434176K, 55% used [0x0000000080000000,0x000000008eb47998,0x000000009a800000)
 Metaspace       used 59086K, committed 60480K, reserved 1114112K
  class space    used 6857K, committed 7424K, reserved 1048576K
}
Event: 3137.705 GC heap before
{Heap before GC invocations=402 (full 3):
 PSYoungGen      total 3584K, used 3072K [0x00000000d5580000, 0x00000000d5a00000, 0x0000000100000000)
  eden space 3072K, 100% used [0x00000000d5580000,0x00000000d5880000,0x00000000d5880000)
  from space 512K, 0% used [0x00000000d5980000,0x00000000d5980000,0x00000000d5a00000)
  to   space 512K, 0% used [0x00000000d5900000,0x00000000d5900000,0x00000000d5980000)
 ParOldGen       total 434176K, used 240926K [0x0000000080000000, 0x000000009a800000, 0x00000000d5580000)
  object space 434176K, 55% used [0x0000000080000000,0x000000008eb47998,0x000000009a800000)
 Metaspace       used 59090K, committed 60480K, reserved 1114112K
  class space    used 6857K, committed 7424K, reserved 1048576K
}
Event: 3137.706 GC heap after
{Heap after GC invocations=402 (full 3):
 PSYoungGen      total 4096K, used 384K [0x00000000d5580000, 0x00000000d5a80000, 0x0000000100000000)
  eden space 3584K, 0% used [0x00000000d5580000,0x00000000d5580000,0x00000000d5900000)
  from space 512K, 75% used [0x00000000d5900000,0x00000000d5960000,0x00000000d5980000)
  to   space 512K, 0% used [0x00000000d5a00000,0x00000000d5a00000,0x00000000d5a80000)
 ParOldGen       total 434176K, used 240926K [0x0000000080000000, 0x000000009a800000, 0x00000000d5580000)
  object space 434176K, 55% used [0x0000000080000000,0x000000008eb47998,0x000000009a800000)
 Metaspace       used 59090K, committed 60480K, reserved 1114112K
  class space    used 6857K, committed 7424K, reserved 1048576K
}

